Build started 14/05/2017 5:05:46 CH.
     1>Project "D:\Tài Liệu\Code\Visual Studio 2013\Projects\ThucTapKTLapTrinh\ThucTapKTLapTrinh\ThucTapKTLapTrinh.vcxproj" on node 2 (Build target(s)).
     1>ClCompile:
         C:\Program Files (x86)\Microsoft Visual Studio 12.0\VC\bin\CL.exe /c /ZI /nologo /W3 /WX- /sdl /Od /Oy- /D _MBCS /Gm /EHsc /RTC1 /MDd /GS /fp:precise /Zc:wchar_t /Zc:forScope /Fo"Debug\\" /Fd"Debug\vc120.pdb" /Gd /TP /analyze- /errorReport:prompt Thong_Ke.cpp
         Thong_Ke.cpp
     1>d:\tài liệu\code\visual studio 2013\projects\thuctapktlaptrinh\thuctapktlaptrinh\thong_ke.cpp(263): warning C4309: 'initializing' : truncation of constant value
     1>d:\tài liệu\code\visual studio 2013\projects\thuctapktlaptrinh\thuctapktlaptrinh\thong_ke.cpp(264): warning C4309: 'initializing' : truncation of constant value
       Link:
         C:\Program Files (x86)\Microsoft Visual Studio 12.0\VC\bin\link.exe /ERRORREPORT:PROMPT /OUT:"D:\Tài Liệu\Code\Visual Studio 2013\Projects\ThucTapKTLapTrinh\Debug\ThucTapKTLapTrinh.exe" /INCREMENTAL /NOLOGO kernel32.lib user32.lib gdi32.lib winspool.lib comdlg32.lib advapi32.lib shell32.lib ole32.lib oleaut32.lib uuid.lib odbc32.lib odbccp32.lib /MANIFEST /MANIFESTUAC:"level='asInvoker' uiAccess='false'" /manifest:embed /DEBUG /PDB:"D:\Tài Liệu\Code\Visual Studio 2013\Projects\ThucTapKTLapTrinh\Debug\ThucTapKTLapTrinh.pdb" /TLBID:1 /DYNAMICBASE /NXCOMPAT /IMPLIB:"D:\Tài Liệu\Code\Visual Studio 2013\Projects\ThucTapKTLapTrinh\Debug\ThucTapKTLapTrinh.lib" /MACHINE:X86 Debug\AddNewHS.obj
         Debug\Console.obj
         Debug\FixErr.obj
         Debug\Main.obj
         Debug\PrintfHS.obj
         Debug\Search.obj
         Debug\Sort.obj
         Debug\Thong_Ke.obj
         ThucTapKTLapTrinh.vcxproj -> D:\Tài Liệu\Code\Visual Studio 2013\Projects\ThucTapKTLapTrinh\Debug\ThucTapKTLapTrinh.exe
     1>Done Building Project "D:\Tài Liệu\Code\Visual Studio 2013\Projects\ThucTapKTLapTrinh\ThucTapKTLapTrinh\ThucTapKTLapTrinh.vcxproj" (Build target(s)).

Build succeeded.

Time Elapsed 00:00:02.29
